#
# A fatal error has been detected by the Java Runtime Environment:
#
#  EXCEPTION_ACCESS_VIOLATION (0xc0000005) at pc=0x00007ffcc2f540e0, pid=7416, tid=14060
#
# JRE version: OpenJDK Runtime Environment Temurin-17.0.13+11 (17.0.13+11) (build 17.0.13+11)
# Java VM: OpenJDK 64-Bit Server VM Temurin-17.0.13+11 (17.0.13+11, mixed mode, tiered, compressed oops, compressed class ptrs, parallel gc, windows-amd64)
# Problematic frame:
# V  [jvm.dll+0x1240e0]
#
# No core dump will be written. Minidumps are not enabled by default on client versions of Windows
#
# If you would like to submit a bug report, please visit:
#   https://github.com/adoptium/adoptium-support/issues
#

---------------  S U M M A R Y ------------

Command Line: --add-modules=ALL-SYSTEM --add-opens=java.base/java.util=ALL-UNNAMED --add-opens=java.base/java.lang=ALL-UNNAMED --add-opens=java.base/sun.nio.fs=ALL-UNNAMED -Declipse.application=org.eclipse.jdt.ls.core.id1 -Dosgi.bundles.defaultStartLevel=4 -Declipse.product=org.eclipse.jdt.ls.core.product -Djava.import.generatesMetadataFilesAtProjectRoot=false -DDetectVMInstallationsJob.disabled=true -Dfile.encoding=utf8 -XX:+UseParallelGC -XX:GCTimeRatio=4 -XX:AdaptiveSizePolicyWeight=90 -Dsun.zip.disableMemoryMapping=true -Xmx1G -Xms100m -Xlog:disable -javaagent:c:\Users\raz\.vscode\extensions\redhat.java-1.37.0-win32-x64\lombok\lombok-1.18.34.jar -XX:+HeapDumpOnOutOfMemoryError -XX:HeapDumpPath=c:\Users\raz\AppData\Roaming\Code\User\workspaceStorage\d218f583317c14c9cfa900cffe3f0425\redhat.java -Daether.dependencyCollector.impl=bf c:\Users\raz\.vscode\extensions\redhat.java-1.37.0-win32-x64\server\plugins\org.eclipse.equinox.launcher_1.6.900.v20240613-2009.jar -configuration c:\Users\raz\AppData\Roaming\Code\User\globalStorage\redhat.java\1.37.0\config_win -data c:\Users\raz\AppData\Roaming\Code\User\workspaceStorage\d218f583317c14c9cfa900cffe3f0425\redhat.java\jdt_ws --pipe=\\.\pipe\lsp-c0bf346810964cb317e9abf114a53ba1-sock

Host: Intel(R) Pentium(R) CPU  N3510  @ 1.99GHz, 4 cores, 3G,  Windows 10 , 64 bit Build 19041 (10.0.19041.5072)
Time: Sat Dec 14 21:59:48 2024 India Standard Time elapsed time: 3650.759610 seconds (0d 1h 0m 50s)

---------------  T H R E A D  ---------------

Current thread (0x000001fecf428ca0):  JavaThread "C2 CompilerThread0" daemon [_thread_in_native, id=14060, stack(0x0000000d5d600000,0x0000000d5d700000)]


Current CompileTask:
C2:3650760 25462       4       org.eclipse.jdt.internal.compiler.parser.Scanner::scanNumber (1512 bytes)

Stack: [0x0000000d5d600000,0x0000000d5d700000],  sp=0x0000000d5d6fb550,  free space=1005k
Native frames: (J=compiled Java code, j=interpreted, Vv=VM code, C=native code)
V  [jvm.dll+0x1240e0]
V  [jvm.dll+0x124503]
V  [jvm.dll+0x123f4d]
V  [jvm.dll+0x687fc2]
V  [jvm.dll+0x218426]
V  [jvm.dll+0x21748f]
V  [jvm.dll+0x1a3070]
V  [jvm.dll+0x22788c]
V  [jvm.dll+0x2259eb]
V  [jvm.dll+0x7eec98]
V  [jvm.dll+0x7e8ffc]
V  [jvm.dll+0x6818f7]
C  [ucrtbase.dll+0x21bb2]
C  [KERNEL32.DLL+0x17374]
C  [ntdll.dll+0x4cc91]


siginfo: EXCEPTION_ACCESS_VIOLATION (0xc0000005), reading address 0x0000000000000000


Registers:
RAX=0x000001fed6079de8, RBX=0x0000000000000018, RCX=0x0000000000000000, RDX=0x000001fed6e6e830
RSP=0x0000000d5d6fb550, RBP=0x000001fed607b0e0, RSI=0x0000000000000017, RDI=0x0000000000000000
R8 =0x0000000000000000, R9 =0x00007ffcc2e30000, R10=0x000000000000ffff, R11=0x00007ffd01ce175f
R12=0x000001fed83a3070, R13=0x0000000000000008, R14=0x0000000000000003, R15=0x000001fed83a3070
RIP=0x00007ffcc2f540e0, EFLAGS=0x0000000000010297


Register to memory mapping:

RIP=0x00007ffcc2f540e0 jvm.dll
RAX=0x000001fed6079de8 points into unknown readable memory: 0x000001fed83a35f0 | f0 35 3a d8 fe 01 00 00
RBX=0x0000000000000018 is an unknown value
RCX=0x0 is NULL
RDX=0x000001fed6e6e830 points into unknown readable memory: 0x00000000c0c30008 | 08 00 c3 c0 00 00 00 00
RSP=0x0000000d5d6fb550 is pointing into the stack for thread: 0x000001fecf428ca0
RBP=0x000001fed607b0e0 points into unknown readable memory: 0x0000000000000000 | 00 00 00 00 00 00 00 00
RSI=0x0000000000000017 is an unknown value
RDI=0x0 is NULL
R8 =0x0 is NULL
R9 =0x00007ffcc2e30000 jvm.dll
R10=0x000000000000ffff is an unknown value
R11=0x00007ffd01ce175f VCRUNTIME140.dll
R12=0x000001fed83a3070 points into unknown readable memory: 0x00007ffcc371ae18 | 18 ae 71 c3 fc 7f 00 00
R13=0x0000000000000008 is an unknown value
R14=0x0000000000000003 is an unknown value
R15=0x000001fed83a3070 points into unknown readable memory: 0x00007ffcc371ae18 | 18 ae 71 c3 fc 7f 00 00


Top of Stack: (sp=0x0000000d5d6fb550)
0x0000000d5d6fb550:   0000000000000258 000000000000000a
0x0000000d5d6fb560:   0000000000000004 000000000000016c
0x0000000d5d6fb570:   0000000000000008 0000000000000018
0x0000000d5d6fb580:   0000000000000006 0000000000000003
0x0000000d5d6fb590:   000001fed758ab50 0000000000000013
0x0000000d5d6fb5a0:   000001fed70e72c0 0000000000000258
0x0000000d5d6fb5b0:   0000000d5d6fbbb0 0000000000000010
0x0000000d5d6fb5c0:   00000000ffffffff 000001fed607b0b0
0x0000000d5d6fb5d0:   000000000000000a 000001fed5b5c400
0x0000000d5d6fb5e0:   000001fed83a3070 00007ffcc2f54503
0x0000000d5d6fb5f0:   000001fed607b0b0 000001fe00000008
0x0000000d5d6fb600:   0000000000000258 0000000d5d6fbbb0
0x0000000d5d6fb610:   000001fed6e6e830 000001fed699a5b0
0x0000000d5d6fb620:   0000000d5d6fe4f0 0000000000000000
0x0000000d5d6fb630:   000001fed68c4570 0000000d5d6fca60
0x0000000d5d6fb640:   000001fed7b10fa8 000001fed607b0b0
0x0000000d5d6fb650:   0000000d5d6fb719 00007ffcc2f53f4d
0x0000000d5d6fb660:   0000000000000002 000001fed60798f0
0x0000000d5d6fb670:   000001fe00000258 000001fed5b5c400
0x0000000d5d6fb680:   000001fecf426950 000001fed5b5c400
0x0000000d5d6fb690:   0000000d00000080 000001fecf426950
0x0000000d5d6fb6a0:   000001fed6e6e020 000001fe00000008
0x0000000d5d6fb6b0:   000001fecf426950 00000000000004b0
0x0000000d5d6fb6c0:   00000000000012c0 00007ffcc34b5f99
0x0000000d5d6fb6d0:   000001fed45c0000 0000000000000000
0x0000000d5d6fb6e0:   0000000d5d6fb800 00007ffcc34b7900
0x0000000d5d6fb6f0:   000000000000000d 00007ffcc3751ce8
0x0000000d5d6fb700:   0000000000000000 0000000000000000
0x0000000d5d6fb710:   0000000000000000 00007ffcc3751ce8
0x0000000d5d6fb720:   000001fed7b0b400 0000000000000000
0x0000000d5d6fb730:   0000000000000001 0000000000000000
0x0000000d5d6fb740:   00007ffcc3774cbc 0000000000000000 

Instructions: (pc=0x00007ffcc2f540e0)
0x00007ffcc2f53fe0:   55 56 57 41 54 41 55 41 56 41 57 48 83 ec 58 49
0x00007ffcc2f53ff0:   8b 41 58 4c 8b e2 41 8b 79 50 33 d2 41 8b d8 89
0x00007ffcc2f54000:   bc 24 a8 00 00 00 44 8b a8 68 0c 00 00 44 2b 2d
0x00007ffcc2f54010:   44 c7 a2 00 8d 4a 10 e8 d4 4f 5b 00 33 f6 48 85
0x00007ffcc2f54020:   c0 74 12 45 8b c5 8b d7 48 8b c8 e8 90 bc 54 00
0x00007ffcc2f54030:   48 8b e8 eb 03 48 8b ee 41 8b 44 24 2c 4d 8b fc
0x00007ffcc2f54040:   83 e0 1f 49 8b cc 3c 1e 49 8b 04 24 4c 0f 45 fe
0x00007ffcc2f54050:   ff 90 88 00 00 00 48 89 44 24 40 44 8b f6 85 db
0x00007ffcc2f54060:   0f 8e db 03 00 00 48 8b 94 24 c0 00 00 00 4c 8d
0x00007ffcc2f54070:   0d 8b bf ed ff b9 01 00 00 00 48 89 74 24 30 48
0x00007ffcc2f54080:   8b de 89 4c 24 20 48 8b c6 48 89 5c 24 28 48 89
0x00007ffcc2f54090:   44 24 38 48 c1 e8 05 85 0c 82 0f 84 6b 03 00 00
0x00007ffcc2f540a0:   48 8b 0d b1 c6 a2 00 44 3b f1 7d 0a 4a 8b b4 0b
0x00007ffcc2f540b0:   60 be b1 00 eb 17 41 8b c6 2b c1 41 3b c5 7d 04
0x00007ffcc2f540c0:   03 c7 eb 03 41 2b c5 48 63 f0 48 03 f1 48 8b 84
0x00007ffcc2f540d0:   24 a0 00 00 00 48 8b 40 08 48 8b 3c 03 48 8b cf
0x00007ffcc2f540e0:   48 8b 07 ff 50 28 4c 8d 0d 13 bf ed ff 48 8b d0
0x00007ffcc2f540f0:   4c 63 40 10 49 8b c8 48 c1 e1 05 42 80 bc 09 b0
0x00007ffcc2f54100:   7f b3 00 00 0f 84 3e 02 00 00 41 f6 c6 01 0f 85
0x00007ffcc2f54110:   e8 02 00 00 48 8b ce 81 e1 ff 3f 00 00 48 3b f1
0x00007ffcc2f54120:   74 3b 48 8b 84 24 b8 00 00 00 48 8d 15 47 db 7f
0x00007ffcc2f54130:   00 45 33 c0 48 8b 58 10 48 8b 8b 70 01 00 00 e8
0x00007ffcc2f54140:   fc f4 09 00 48 8d 15 2d db 7f 00 48 8b cb e8 6d
0x00007ffcc2f54150:   e5 0f 00 48 8b 5c 24 28 e9 98 02 00 00 83 78 24
0x00007ffcc2f54160:   00 75 53 4d 85 ff 74 3e 49 8b 47 78 48 8b 48 18
0x00007ffcc2f54170:   8b 51 18 b9 05 00 00 00 3b d1 76 2a 4d 8b 47 08
0x00007ffcc2f54180:   8b c1 49 39 3c c0 74 16 ff c1 3b ca 72 f2 48 8b
0x00007ffcc2f54190:   d6 48 8b cd e8 37 ca 54 00 e9 57 02 00 00 3b ca
0x00007ffcc2f541a0:   0f 82 56 02 00 00 48 8b d6 48 8b cd e8 1f ca 54
0x00007ffcc2f541b0:   00 e9 3f 02 00 00 48 8b 4c 24 40 e8 40 5c 08 00
0x00007ffcc2f541c0:   41 8b 54 24 18 8b d8 3b c2 73 18 4d 8b 44 24 08
0x00007ffcc2f541d0:   8b cb 49 39 3c c8 0f 84 9e 00 00 00 83 c3 02 3b 


Stack slot to memory mapping:
stack at sp + 0 slots: 0x0000000000000258 is an unknown value
stack at sp + 1 slots: 0x000000000000000a is an unknown value
stack at sp + 2 slots: 0x0000000000000004 is an unknown value
stack at sp + 3 slots: 0x000000000000016c is an unknown value
stack at sp + 4 slots: 0x0000000000000008 is an unknown value
stack at sp + 5 slots: 0x0000000000000018 is an unknown value
stack at sp + 6 slots: 0x0000000000000006 is an unknown value
stack at sp + 7 slots: 0x0000000000000003 is an unknown value


---------------  P R O C E S S  ---------------

Threads class SMR info:
_java_thread_list=0x000001fed759d800, length=49, elements={
0x000001febb5af5d0, 0x000001febb65d6f0, 0x000001fecf3f32a0, 0x000001fecf41a280,
0x000001fecf41b990, 0x000001fecf41e530, 0x000001fecf4257a0, 0x000001fecf428ca0,
0x000001fed4552860, 0x000001fed4553910, 0x000001fecf31c050, 0x000001fed483a950,
0x000001fed49b5e20, 0x000001fed4938a70, 0x000001fed4a1f900, 0x000001fed4833df0,
0x000001fed4b72a50, 0x000001fed551eaa0, 0x000001fed551e590, 0x000001fed551f9d0,
0x000001fed55203f0, 0x000001fed5521320, 0x000001fed6d83510, 0x000001fed6d85370,
0x000001fed6d820d0, 0x000001fed6d83f30, 0x000001fed6d84950, 0x000001fed6d876e0,
0x000001fed6d81bc0, 0x000001fed6d86cc0, 0x000001fed6d867b0, 0x000001fed7440e00,
0x000001fed743fed0, 0x000001fed6d87bf0, 0x000001fed6d82af0, 0x000001fed6d871d0,
0x000001fed6d862a0, 0x000001fed6d85d90, 0x000001fed6d816b0, 0x000001fed6d83000,
0x000001fed743f9c0, 0x000001fed7442240, 0x000001fed7442c60, 0x000001fed7441310,
0x000001fed6d80c90, 0x000001fed743f4b0, 0x000001fed5f00340, 0x000001fed5efd0a0,
0x000001fed5efef00
}

Java Threads: ( => current thread )
  0x000001febb5af5d0 JavaThread "main" [_thread_blocked, id=704, stack(0x0000000d5cd00000,0x0000000d5ce00000)]
  0x000001febb65d6f0 JavaThread "Reference Handler" daemon [_thread_blocked, id=15084, stack(0x0000000d5d000000,0x0000000d5d100000)]
  0x000001fecf3f32a0 JavaThread "Finalizer" daemon [_thread_blocked, id=16256, stack(0x0000000d5d100000,0x0000000d5d200000)]
  0x000001fecf41a280 JavaThread "Signal Dispatcher" daemon [_thread_blocked, id=3208, stack(0x0000000d5d200000,0x0000000d5d300000)]
  0x000001fecf41b990 JavaThread "Attach Listener" daemon [_thread_blocked, id=9572, stack(0x0000000d5d300000,0x0000000d5d400000)]
  0x000001fecf41e530 JavaThread "Service Thread" daemon [_thread_blocked, id=15196, stack(0x0000000d5d400000,0x0000000d5d500000)]
  0x000001fecf4257a0 JavaThread "Monitor Deflation Thread" daemon [_thread_blocked, id=16376, stack(0x0000000d5d500000,0x0000000d5d600000)]
=>0x000001fecf428ca0 JavaThread "C2 CompilerThread0" daemon [_thread_in_native, id=14060, stack(0x0000000d5d600000,0x0000000d5d700000)]
  0x000001fed4552860 JavaThread "C1 CompilerThread0" daemon [_thread_blocked, id=8316, stack(0x0000000d5d700000,0x0000000d5d800000)]
  0x000001fed4553910 JavaThread "Sweeper thread" daemon [_thread_blocked, id=16868, stack(0x0000000d5d800000,0x0000000d5d900000)]
  0x000001fecf31c050 JavaThread "Common-Cleaner" daemon [_thread_blocked, id=12016, stack(0x0000000d5d900000,0x0000000d5da00000)]
  0x000001fed483a950 JavaThread "Notification Thread" daemon [_thread_blocked, id=11416, stack(0x0000000d5da00000,0x0000000d5db00000)]
  0x000001fed49b5e20 JavaThread "Active Thread: Equinox Container: d388b8fb-9586-4baa-8198-4f561277a3b4" [_thread_blocked, id=9232, stack(0x0000000d5df00000,0x0000000d5e000000)]
  0x000001fed4938a70 JavaThread "Refresh Thread: Equinox Container: d388b8fb-9586-4baa-8198-4f561277a3b4" daemon [_thread_blocked, id=6728, stack(0x0000000d5ca00000,0x0000000d5cb00000)]
  0x000001fed4a1f900 JavaThread "Framework Event Dispatcher: Equinox Container: d388b8fb-9586-4baa-8198-4f561277a3b4" daemon [_thread_blocked, id=14824, stack(0x0000000d5cc00000,0x0000000d5cd00000)]
  0x000001fed4833df0 JavaThread "Start Level: Equinox Container: d388b8fb-9586-4baa-8198-4f561277a3b4" daemon [_thread_blocked, id=7972, stack(0x0000000d5e000000,0x0000000d5e100000)]
  0x000001fed4b72a50 JavaThread "Bundle File Closer" daemon [_thread_blocked, id=12984, stack(0x0000000d5e100000,0x0000000d5e200000)]
  0x000001fed551eaa0 JavaThread "SCR Component Actor" daemon [_thread_blocked, id=14508, stack(0x0000000d5cb00000,0x0000000d5cc00000)]
  0x000001fed551e590 JavaThread "Worker-JM" [_thread_blocked, id=14208, stack(0x0000000d5e300000,0x0000000d5e400000)]
  0x000001fed551f9d0 JavaThread "JNA Cleaner" daemon [_thread_blocked, id=11312, stack(0x0000000d5e600000,0x0000000d5e700000)]
  0x000001fed55203f0 JavaThread "Java indexing" daemon [_thread_in_native, id=4756, stack(0x0000000d5e200000,0x0000000d5e300000)]
  0x000001fed5521320 JavaThread "Thread-2" daemon [_thread_in_native, id=14712, stack(0x0000000d5ed00000,0x0000000d5ee00000)]
  0x000001fed6d83510 JavaThread "Thread-3" daemon [_thread_in_native, id=11572, stack(0x0000000d5ee00000,0x0000000d5ef00000)]
  0x000001fed6d85370 JavaThread "Thread-4" daemon [_thread_in_native, id=3780, stack(0x0000000d5ef00000,0x0000000d5f000000)]
  0x000001fed6d820d0 JavaThread "Thread-5" daemon [_thread_in_native, id=6548, stack(0x0000000d5f000000,0x0000000d5f100000)]
  0x000001fed6d83f30 JavaThread "Thread-6" daemon [_thread_in_native, id=10568, stack(0x0000000d5f100000,0x0000000d5f200000)]
  0x000001fed6d84950 JavaThread "pool-2-thread-1" [_thread_blocked, id=11400, stack(0x0000000d5f200000,0x0000000d5f300000)]
  0x000001fed6d876e0 JavaThread "WorkspaceEventsHandler" [_thread_blocked, id=15800, stack(0x0000000d5f500000,0x0000000d5f600000)]
  0x000001fed6d81bc0 JavaThread "pool-1-thread-1" [_thread_blocked, id=10280, stack(0x0000000d5f600000,0x0000000d5f700000)]
  0x000001fed6d86cc0 JavaThread "Cleaner-0" daemon [_thread_blocked, id=10864, stack(0x0000000d5eb00000,0x0000000d5ec00000)]
  0x000001fed6d867b0 JavaThread "Worker-13" [_thread_blocked, id=17296, stack(0x0000000d5fc00000,0x0000000d5fd00000)]
  0x000001fed7440e00 JavaThread "Worker-16" [_thread_blocked, id=12312, stack(0x0000000d5e400000,0x0000000d5e500000)]
  0x000001fed743fed0 JavaThread "ForkJoinPool.commonPool-worker-13" daemon [_thread_blocked, id=3468, stack(0x0000000d5ea00000,0x0000000d5eb00000)]
  0x000001fed6d87bf0 JavaThread "ForkJoinPool.commonPool-worker-18" daemon [_thread_blocked, id=14368, stack(0x0000000d5f300000,0x0000000d5f400000)]
  0x000001fed6d82af0 JavaThread "ForkJoinPool.commonPool-worker-19" daemon [_thread_blocked, id=1060, stack(0x0000000d5e500000,0x0000000d5e600000)]
  0x000001fed6d871d0 JavaThread "Worker-19" [_thread_blocked, id=17332, stack(0x0000000d5e700000,0x0000000d5e800000)]
  0x000001fed6d862a0 JavaThread "ForkJoinPool.commonPool-worker-20" daemon [_thread_blocked, id=10740, stack(0x0000000d5e800000,0x0000000d5e900000)]
  0x000001fed6d85d90 JavaThread "ForkJoinPool.commonPool-worker-21" daemon [_thread_blocked, id=14644, stack(0x0000000d5e900000,0x0000000d5ea00000)]
  0x000001fed6d816b0 JavaThread "ForkJoinPool.commonPool-worker-22" daemon [_thread_blocked, id=13420, stack(0x0000000d5f400000,0x0000000d5f500000)]
  0x000001fed6d83000 JavaThread "Compiler Source File Reader" daemon [_thread_blocked, id=6048, stack(0x0000000d5f700000,0x0000000d5f800000)]
  0x000001fed743f9c0 JavaThread "ForkJoinPool.commonPool-worker-23" daemon [_thread_blocked, id=9708, stack(0x0000000d5f900000,0x0000000d5fa00000)]
  0x000001fed7442240 JavaThread "Compiler Source File Reader" daemon [_thread_blocked, id=3012, stack(0x0000000d5fa00000,0x0000000d5fb00000)]
  0x000001fed7442c60 JavaThread "Worker-20" [_thread_blocked, id=9904, stack(0x0000000d5fb00000,0x0000000d5fc00000)]
  0x000001fed7441310 JavaThread "ForkJoinPool.commonPool-worker-24" daemon [_thread_blocked, id=15740, stack(0x0000000d5ec00000,0x0000000d5ed00000)]
  0x000001fed6d80c90 JavaThread "Compiler Processing Task" daemon [_thread_blocked, id=11776, stack(0x0000000d5f800000,0x0000000d5f900000)]
  0x000001fed743f4b0 JavaThread "Worker-21" [_thread_blocked, id=2732, stack(0x0000000d5fe00000,0x0000000d5ff00000)]
  0x000001fed5f00340 JavaThread "Worker-22" [_thread_blocked, id=7484, stack(0x0000000d5ff00000,0x0000000d60000000)]
  0x000001fed5efd0a0 JavaThread "ForkJoinPool.commonPool-worker-25" daemon [_thread_blocked, id=11980, stack(0x0000000d60000000,0x0000000d60100000)]
  0x000001fed5efef00 JavaThread "pool-1-thread-19" [_thread_blocked, id=10592, stack(0x0000000d5fd00000,0x0000000d5fe00000)]

Other Threads:
  0x000001fecf3dc240 VMThread "VM Thread" [stack: 0x0000000d5cf00000,0x0000000d5d000000] [id=6976]
  0x000001fed48777d0 WatcherThread [stack: 0x0000000d5db00000,0x0000000d5dc00000] [id=2072]
  0x000001febb5c3fc0 GCTaskThread "GC Thread#0" [stack: 0x0000000d5ce00000,0x0000000d5cf00000] [id=9472]
  0x000001fed495b510 GCTaskThread "GC Thread#1" [stack: 0x0000000d5dc00000,0x0000000d5dd00000] [id=3412]
  0x000001fed4cdeb40 GCTaskThread "GC Thread#2" [stack: 0x0000000d5dd00000,0x0000000d5de00000] [id=11828]
  0x000001fed4cdee00 GCTaskThread "GC Thread#3" [stack: 0x0000000d5de00000,0x0000000d5df00000] [id=14020]

Threads with active compile tasks:
C2 CompilerThread0  3651070 25462       4       org.eclipse.jdt.internal.compiler.parser.Scanner::scanNumber (1512 bytes)

VM state: not at safepoint (normal execution)

VM Mutex/Monitor currently owned by a thread: None

Heap address: 0x00000000c0000000, size: 1024 MB, Compressed Oops mode: 32-bit

CDS archive(s) not mapped
Compressed class space mapped at: 0x0000000100000000-0x0000000140000000, reserved size: 1073741824
Narrow klass base: 0x0000000000000000, Narrow klass shift: 3, Narrow klass range: 0x140000000

GC Precious Log:
 CPUs: 4 total, 4 available
 Memory: 3997M
 Large Page Support: Disabled
 NUMA Support: Disabled
 Compressed Oops: Enabled (32-bit)
 Alignments: Space 512K, Generation 512K, Heap 2M
 Heap Min Capacity: 100M
 Heap Initial Capacity: 100M
 Heap Max Capacity: 1G
 Pre-touch: Disabled
 Parallel Workers: 4

Heap:
 PSYoungGen      total 3072K, used 1979K [0x00000000eab00000, 0x00000000eb080000, 0x0000000100000000)
  eden space 1536K, 38% used [0x00000000eab00000,0x00000000eab94e90,0x00000000eac80000)
  from space 1536K, 90% used [0x00000000eac80000,0x00000000eadda000,0x00000000eae00000)
  to   space 2048K, 0% used [0x00000000eae80000,0x00000000eae80000,0x00000000eb080000)
 ParOldGen       total 133632K, used 117995K [0x00000000c0000000, 0x00000000c8280000, 0x00000000eab00000)
  object space 133632K, 88% used [0x00000000c0000000,0x00000000c733ae70,0x00000000c8280000)
 Metaspace       used 91616K, committed 92928K, reserved 1179648K
  class space    used 9039K, committed 9664K, reserved 1048576K

Card table byte_map: [0x000001febaf40000,0x000001febb150000] _byte_map_base: 0x000001feba940000

Marking Bits: (ParMarkBitMap*) 0x00007ffcc39d6940
 Begin Bits: [0x000001fecd240000, 0x000001fece240000)
 End Bits:   [0x000001fece240000, 0x000001fecf240000)

Polling page: 0x000001feb9480000

Metaspace:

Usage:
  Non-class:     80.64 MB used.
      Class:      8.83 MB used.
       Both:     89.47 MB used.

Virtual space:
  Non-class space:      128.00 MB reserved,      81.31 MB ( 64%) committed,  2 nodes.
      Class space:        1.00 GB reserved,       9.44 MB ( <1%) committed,  1 nodes.
             Both:        1.12 GB reserved,      90.75 MB (  8%) committed. 

Chunk freelists:
   Non-Class:  14.54 MB
       Class:  6.65 MB
        Both:  21.18 MB

MaxMetaspaceSize: unlimited
CompressedClassSpaceSize: 1.00 GB
Initial GC threshold: 21.00 MB
Current GC threshold: 151.25 MB
CDS: off
MetaspaceReclaimPolicy: balanced
 - commit_granule_bytes: 65536.
 - commit_granule_words: 8192.
 - virtual_space_node_default_size: 8388608.
 - enlarge_chunks_in_place: 1.
 - new_chunks_are_fully_committed: 0.
 - uncommit_free_chunks: 1.
 - use_allocation_guard: 0.
 - handle_deallocations: 1.


Internal statistics:

num_allocs_failed_limit: 9.
num_arena_births: 1048.
num_arena_deaths: 326.
num_vsnodes_births: 3.
num_vsnodes_deaths: 0.
num_space_committed: 1452.
num_space_uncommitted: 0.
num_chunks_returned_to_freelist: 383.
num_chunks_taken_from_freelist: 5169.
num_chunk_merges: 144.
num_chunk_splits: 2974.
num_chunks_enlarged: 1551.
num_inconsistent_stats: 0.

CodeHeap 'non-profiled nmethods': size=120000Kb used=19125Kb max_used=19125Kb free=100874Kb
 bounds [0x000001fec5d10000, 0x000001fec6fc0000, 0x000001fecd240000]
CodeHeap 'profiled nmethods': size=120000Kb used=36995Kb max_used=38098Kb free=83004Kb
 bounds [0x000001febe240000, 0x000001fec07e0000, 0x000001fec5770000]
CodeHeap 'non-nmethods': size=5760Kb used=1468Kb max_used=1527Kb free=4291Kb
 bounds [0x000001fec5770000, 0x000001fec59e0000, 0x000001fec5d10000]
 total_blobs=18001 nmethods=17195 adapters=711
 compilation: enabled
              stopped_count=0, restarted_count=0
 full_count=0

Compilation events (20 events):
Event: 3649.969 Thread 0x000001fed4552860 25453   !   3       org.eclipse.jdt.internal.corext.dom.ScopeAnalyzer::getDeclarationsInScope (138 bytes)
Event: 3649.972 Thread 0x000001fed4552860 nmethod 25453 0x000001febf39e610 code [0x000001febf39e8c0, 0x000001febf39f728]
Event: 3649.972 Thread 0x000001fed4552860 25454       3       org.eclipse.jdt.internal.corext.dom.HierarchicalASTVisitor::endVisit (6 bytes)
Event: 3649.972 Thread 0x000001fed4552860 nmethod 25454 0x000001febfe18e90 code [0x000001febfe19020, 0x000001febfe191f8]
Event: 3649.972 Thread 0x000001fed4552860 25455       3       org.eclipse.jdt.internal.corext.refactoring.typeconstraints.types.TType::<init> (10 bytes)
Event: 3649.973 Thread 0x000001fed4552860 nmethod 25455 0x000001febff35990 code [0x000001febff35b20, 0x000001febff35c98]
Event: 3649.974 Thread 0x000001fed4552860 25456       3       java.util.ComparableTimSort::binarySort (223 bytes)
Event: 3649.976 Thread 0x000001fed4552860 nmethod 25456 0x000001febf59ec10 code [0x000001febf59ee20, 0x000001febf59f8f8]
Event: 3650.143 Thread 0x000001fed4552860 25459       3       org.eclipse.core.internal.filebuffers.ResourceFileBuffer::isDisconnected (11 bytes)
Event: 3650.144 Thread 0x000001fed4552860 nmethod 25459 0x000001febfbd8990 code [0x000001febfbd8b20, 0x000001febfbd8c98]
Event: 3650.145 Thread 0x000001fed4552860 25460       3       org.eclipse.text.edits.TextEdit::accept (20 bytes)
Event: 3650.146 Thread 0x000001fed4552860 nmethod 25460 0x000001febfabe990 code [0x000001febfabeb80, 0x000001febfabf118]
Event: 3650.146 Thread 0x000001fed4552860 25461       3       org.eclipse.text.edits.TextEditVisitor::preVisit (1 bytes)
Event: 3650.146 Thread 0x000001fed4552860 nmethod 25461 0x000001febfd5b490 code [0x000001febfd5b620, 0x000001febfd5b738]
Event: 3650.148 Thread 0x000001fecf428ca0 nmethod 25452 0x000001fec6fb8190 code [0x000001fec6fb86c0, 0x000001fec6fbb888]
Event: 3650.149 Thread 0x000001fecf428ca0 25457   !   4       org.eclipse.jdt.internal.compiler.lookup.FieldBinding::constant (173 bytes)
Event: 3650.150 Thread 0x000001fecf428ca0 nmethod 25457 0x000001fec6fbcf10 code [0x000001fec6fbd080, 0x000001fec6fbd118]
Event: 3650.150 Thread 0x000001fecf428ca0 25458       4       jdk.internal.org.objectweb.asm.Frame::getLocal (46 bytes)
Event: 3650.161 Thread 0x000001fecf428ca0 nmethod 25458 0x000001fec6fbd210 code [0x000001fec6fbd380, 0x000001fec6fbd458]
Event: 3650.165 Thread 0x000001fecf428ca0 25462       4       org.eclipse.jdt.internal.compiler.parser.Scanner::scanNumber (1512 bytes)

GC Heap History (20 events):
Event: 3649.282 GC heap before
{Heap before GC invocations=6103 (full 109):
 PSYoungGen      total 3072K, used 2952K [0x00000000eab00000, 0x00000000eb000000, 0x0000000100000000)
  eden space 2048K, 94% used [0x00000000eab00000,0x00000000eace6208,0x00000000ead00000)
  from space 1024K, 98% used [0x00000000ead00000,0x00000000eadfc030,0x00000000eae00000)
  to   space 1536K, 0% used [0x00000000eae80000,0x00000000eae80000,0x00000000eb000000)
 ParOldGen       total 130560K, used 125398K [0x00000000c0000000, 0x00000000c7f80000, 0x00000000eab00000)
  object space 130560K, 96% used [0x00000000c0000000,0x00000000c7a75800,0x00000000c7f80000)
 Metaspace       used 91592K, committed 92864K, reserved 1179648K
  class space    used 9037K, committed 9664K, reserved 1048576K
}
Event: 3649.284 GC heap after
{Heap after GC invocations=6103 (full 109):
 PSYoungGen      total 2560K, used 448K [0x00000000eab00000, 0x00000000eaf00000, 0x0000000100000000)
  eden space 2048K, 0% used [0x00000000eab00000,0x00000000eab00000,0x00000000ead00000)
  from space 512K, 87% used [0x00000000eae80000,0x00000000eaef0000,0x00000000eaf00000)
  to   space 1024K, 0% used [0x00000000ead00000,0x00000000ead00000,0x00000000eae00000)
 ParOldGen       total 130560K, used 125422K [0x00000000c0000000, 0x00000000c7f80000, 0x00000000eab00000)
  object space 130560K, 96% used [0x00000000c0000000,0x00000000c7a7b800,0x00000000c7f80000)
 Metaspace       used 91592K, committed 92864K, reserved 1179648K
  class space    used 9037K, committed 9664K, reserved 1048576K
}
Event: 3649.307 GC heap before
{Heap before GC invocations=6104 (full 109):
 PSYoungGen      total 2560K, used 2496K [0x00000000eab00000, 0x00000000eaf00000, 0x0000000100000000)
  eden space 2048K, 100% used [0x00000000eab00000,0x00000000ead00000,0x00000000ead00000)
  from space 512K, 87% used [0x00000000eae80000,0x00000000eaef0000,0x00000000eaf00000)
  to   space 1024K, 0% used [0x00000000ead00000,0x00000000ead00000,0x00000000eae00000)
 ParOldGen       total 130560K, used 125422K [0x00000000c0000000, 0x00000000c7f80000, 0x00000000eab00000)
  object space 130560K, 96% used [0x00000000c0000000,0x00000000c7a7b800,0x00000000c7f80000)
 Metaspace       used 91592K, committed 92864K, reserved 1179648K
  class space    used 9037K, committed 9664K, reserved 1048576K
}
Event: 3649.314 GC heap after
{Heap after GC invocations=6104 (full 109):
 PSYoungGen      total 3072K, used 1000K [0x00000000eab00000, 0x00000000eb300000, 0x0000000100000000)
  eden space 2048K, 0% used [0x00000000eab00000,0x00000000eab00000,0x00000000ead00000)
  from space 1024K, 97% used [0x00000000ead00000,0x00000000eadfa170,0x00000000eae00000)
  to   space 3072K, 0% used [0x00000000eb000000,0x00000000eb000000,0x00000000eb300000)
 ParOldGen       total 130560K, used 126782K [0x00000000c0000000, 0x00000000c7f80000, 0x00000000eab00000)
  object space 130560K, 97% used [0x00000000c0000000,0x00000000c7bcf970,0x00000000c7f80000)
 Metaspace       used 91592K, committed 92864K, reserved 1179648K
  class space    used 9037K, committed 9664K, reserved 1048576K
}
Event: 3649.353 GC heap before
{Heap before GC invocations=6105 (full 109):
 PSYoungGen      total 3072K, used 3048K [0x00000000eab00000, 0x00000000eb300000, 0x0000000100000000)
  eden space 2048K, 100% used [0x00000000eab00000,0x00000000ead00000,0x00000000ead00000)
  from space 1024K, 97% used [0x00000000ead00000,0x00000000eadfa170,0x00000000eae00000)
  to   space 3072K, 0% used [0x00000000eb000000,0x00000000eb000000,0x00000000eb300000)
 ParOldGen       total 130560K, used 126782K [0x00000000c0000000, 0x00000000c7f80000, 0x00000000eab00000)
  object space 130560K, 97% used [0x00000000c0000000,0x00000000c7bcf970,0x00000000c7f80000)
 Metaspace       used 91592K, committed 92864K, reserved 1179648K
  class space    used 9037K, committed 9664K, reserved 1048576K
}
Event: 3649.361 GC heap after
{Heap after GC invocations=6105 (full 109):
 PSYoungGen      total 5120K, used 2824K [0x00000000eab00000, 0x00000000eb380000, 0x0000000100000000)
  eden space 2048K, 0% used [0x00000000eab00000,0x00000000eab00000,0x00000000ead00000)
  from space 3072K, 91% used [0x00000000eb000000,0x00000000eb2c2170,0x00000000eb300000)
  to   space 3072K, 0% used [0x00000000ead00000,0x00000000ead00000,0x00000000eb000000)
 ParOldGen       total 130560K, used 126790K [0x00000000c0000000, 0x00000000c7f80000, 0x00000000eab00000)
  object space 130560K, 97% used [0x00000000c0000000,0x00000000c7bd1970,0x00000000c7f80000)
 Metaspace       used 91592K, committed 92864K, reserved 1179648K
  class space    used 9037K, committed 9664K, reserved 1048576K
}
Event: 3649.377 GC heap before
{Heap before GC invocations=6106 (full 109):
 PSYoungGen      total 5120K, used 4872K [0x00000000eab00000, 0x00000000eb380000, 0x0000000100000000)
  eden space 2048K, 100% used [0x00000000eab00000,0x00000000ead00000,0x00000000ead00000)
  from space 3072K, 91% used [0x00000000eb000000,0x00000000eb2c2170,0x00000000eb300000)
  to   space 3072K, 0% used [0x00000000ead00000,0x00000000ead00000,0x00000000eb000000)
 ParOldGen       total 130560K, used 126790K [0x00000000c0000000, 0x00000000c7f80000, 0x00000000eab00000)
  object space 130560K, 97% used [0x00000000c0000000,0x00000000c7bd1970,0x00000000c7f80000)
 Metaspace       used 91592K, committed 92864K, reserved 1179648K
  class space    used 9037K, committed 9664K, reserved 1048576K
}
Event: 3649.389 GC heap after
{Heap after GC invocations=6106 (full 109):
 PSYoungGen      total 5120K, used 2904K [0x00000000eab00000, 0x00000000eb380000, 0x0000000100000000)
  eden space 2048K, 0% used [0x00000000eab00000,0x00000000eab00000,0x00000000ead00000)
  from space 3072K, 94% used [0x00000000ead00000,0x00000000eafd6180,0x00000000eb000000)
  to   space 3072K, 0% used [0x00000000eb080000,0x00000000eb080000,0x00000000eb380000)
 ParOldGen       total 130560K, used 127163K [0x00000000c0000000, 0x00000000c7f80000, 0x00000000eab00000)
  object space 130560K, 97% used [0x00000000c0000000,0x00000000c7c2ee00,0x00000000c7f80000)
 Metaspace       used 91592K, committed 92864K, reserved 1179648K
  class space    used 9037K, committed 9664K, reserved 1048576K
}
Event: 3649.526 GC heap before
{Heap before GC invocations=6107 (full 109):
 PSYoungGen      total 5120K, used 4952K [0x00000000eab00000, 0x00000000eb380000, 0x0000000100000000)
  eden space 2048K, 100% used [0x00000000eab00000,0x00000000ead00000,0x00000000ead00000)
  from space 3072K, 94% used [0x00000000ead00000,0x00000000eafd6180,0x00000000eb000000)
  to   space 3072K, 0% used [0x00000000eb080000,0x00000000eb080000,0x00000000eb380000)
 ParOldGen       total 130560K, used 127163K [0x00000000c0000000, 0x00000000c7f80000, 0x00000000eab00000)
  object space 130560K, 97% used [0x00000000c0000000,0x00000000c7c2ee00,0x00000000c7f80000)
 Metaspace       used 91592K, committed 92864K, reserved 1179648K
  class space    used 9037K, committed 9664K, reserved 1048576K
}
Event: 3649.532 GC heap after
{Heap after GC invocations=6107 (full 109):
 PSYoungGen      total 3584K, used 656K [0x00000000eab00000, 0x00000000eb180000, 0x0000000100000000)
  eden space 2560K, 0% used [0x00000000eab00000,0x00000000eab00000,0x00000000ead80000)
  from space 1024K, 64% used [0x00000000eb080000,0x00000000eb124010,0x00000000eb180000)
  to   space 1536K, 0% used [0x00000000eae80000,0x00000000eae80000,0x00000000eb000000)
 ParOldGen       total 130560K, used 129587K [0x00000000c0000000, 0x00000000c7f80000, 0x00000000eab00000)
  object space 130560K, 99% used [0x00000000c0000000,0x00000000c7e8cf70,0x00000000c7f80000)
 Metaspace       used 91592K, committed 92864K, reserved 1179648K
  class space    used 9037K, committed 9664K, reserved 1048576K
}
Event: 3649.574 GC heap before
{Heap before GC invocations=6108 (full 110):
 PSYoungGen      total 3584K, used 3216K [0x00000000eab00000, 0x00000000eb180000, 0x0000000100000000)
  eden space 2560K, 100% used [0x00000000eab00000,0x00000000ead80000,0x00000000ead80000)
  from space 1024K, 64% used [0x00000000eb080000,0x00000000eb124010,0x00000000eb180000)
  to   space 1536K, 0% used [0x00000000eae80000,0x00000000eae80000,0x00000000eb000000)
 ParOldGen       total 130560K, used 129587K [0x00000000c0000000, 0x00000000c7f80000, 0x00000000eab00000)
  object space 130560K, 99% used [0x00000000c0000000,0x00000000c7e8cf70,0x00000000c7f80000)
 Metaspace       used 91601K, committed 92928K, reserved 1179648K
  class space    used 9037K, committed 9664K, reserved 1048576K
}
Event: 3649.939 GC heap after
{Heap after GC invocations=6108 (full 110):
 PSYoungGen      total 3584K, used 0K [0x00000000eab00000, 0x00000000eb100000, 0x0000000100000000)
  eden space 3072K, 0% used [0x00000000eab00000,0x00000000eab00000,0x00000000eae00000)
  from space 512K, 0% used [0x00000000eae80000,0x00000000eae80000,0x00000000eaf00000)
  to   space 1536K, 0% used [0x00000000eaf80000,0x00000000eaf80000,0x00000000eb100000)
 ParOldGen       total 133632K, used 108382K [0x00000000c0000000, 0x00000000c8280000, 0x00000000eab00000)
  object space 133632K, 81% used [0x00000000c0000000,0x00000000c69d7890,0x00000000c8280000)
 Metaspace       used 91601K, committed 92928K, reserved 1179648K
  class space    used 9037K, committed 9664K, reserved 1048576K
}
Event: 3649.959 GC heap before
{Heap before GC invocations=6109 (full 110):
 PSYoungGen      total 3584K, used 3072K [0x00000000eab00000, 0x00000000eb100000, 0x0000000100000000)
  eden space 3072K, 100% used [0x00000000eab00000,0x00000000eae00000,0x00000000eae00000)
  from space 512K, 0% used [0x00000000eae80000,0x00000000eae80000,0x00000000eaf00000)
  to   space 1536K, 0% used [0x00000000eaf80000,0x00000000eaf80000,0x00000000eb100000)
 ParOldGen       total 133632K, used 108382K [0x00000000c0000000, 0x00000000c8280000, 0x00000000eab00000)
  object space 133632K, 81% used [0x00000000c0000000,0x00000000c69d7890,0x00000000c8280000)
 Metaspace       used 91601K, committed 92928K, reserved 1179648K
  class space    used 9037K, committed 9664K, reserved 1048576K
}
Event: 3649.962 GC heap after
{Heap after GC invocations=6109 (full 110):
 PSYoungGen      total 4096K, used 704K [0x00000000eab00000, 0x00000000eb080000, 0x0000000100000000)
  eden space 3072K, 0% used [0x00000000eab00000,0x00000000eab00000,0x00000000eae00000)
  from space 1024K, 68% used [0x00000000eaf80000,0x00000000eb030000,0x00000000eb080000)
  to   space 1024K, 0% used [0x00000000eae80000,0x00000000eae80000,0x00000000eaf80000)
 ParOldGen       total 133632K, used 108382K [0x00000000c0000000, 0x00000000c8280000, 0x00000000eab00000)
  object space 133632K, 81% used [0x00000000c0000000,0x00000000c69d7890,0x00000000c8280000)
 Metaspace       used 91601K, committed 92928K, reserved 1179648K
  class space    used 9037K, committed 9664K, reserved 1048576K
}
Event: 3650.023 GC heap before
{Heap before GC invocations=6110 (full 110):
 PSYoungGen      total 4096K, used 3775K [0x00000000eab00000, 0x00000000eb080000, 0x0000000100000000)
  eden space 3072K, 99% used [0x00000000eab00000,0x00000000eadffff8,0x00000000eae00000)
  from space 1024K, 68% used [0x00000000eaf80000,0x00000000eb030000,0x00000000eb080000)
  to   space 1024K, 0% used [0x00000000eae80000,0x00000000eae80000,0x00000000eaf80000)
 ParOldGen       total 133632K, used 108382K [0x00000000c0000000, 0x00000000c8280000, 0x00000000eab00000)
  object space 133632K, 81% used [0x00000000c0000000,0x00000000c69d7890,0x00000000c8280000)
 Metaspace       used 91606K, committed 92928K, reserved 1179648K
  class space    used 9037K, committed 9664K, reserved 1048576K
}
Event: 3650.027 GC heap after
{Heap after GC invocations=6110 (full 110):
 PSYoungGen      total 4096K, used 544K [0x00000000eab00000, 0x00000000eb000000, 0x0000000100000000)
  eden space 3072K, 0% used [0x00000000eab00000,0x00000000eab00000,0x00000000eae00000)
  from space 1024K, 53% used [0x00000000eae80000,0x00000000eaf08000,0x00000000eaf80000)
  to   space 512K, 0% used [0x00000000eaf80000,0x00000000eaf80000,0x00000000eb000000)
 ParOldGen       total 133632K, used 108786K [0x00000000c0000000, 0x00000000c8280000, 0x00000000eab00000)
  object space 133632K, 81% used [0x00000000c0000000,0x00000000c6a3cb30,0x00000000c8280000)
 Metaspace       used 91606K, committed 92928K, reserved 1179648K
  class space    used 9037K, committed 9664K, reserved 1048576K
}
Event: 3650.100 GC heap before
{Heap before GC invocations=6111 (full 110):
 PSYoungGen      total 4096K, used 3616K [0x00000000eab00000, 0x00000000eb000000, 0x0000000100000000)
  eden space 3072K, 100% used [0x00000000eab00000,0x00000000eae00000,0x00000000eae00000)
  from space 1024K, 53% used [0x00000000eae80000,0x00000000eaf08000,0x00000000eaf80000)
  to   space 512K, 0% used [0x00000000eaf80000,0x00000000eaf80000,0x00000000eb000000)
 ParOldGen       total 133632K, used 108786K [0x00000000c0000000, 0x00000000c8280000, 0x00000000eab00000)
  object space 133632K, 81% used [0x00000000c0000000,0x00000000c6a3cb30,0x00000000c8280000)
 Metaspace       used 91606K, committed 92928K, reserved 1179648K
  class space    used 9037K, committed 9664K, reserved 1048576K
}
Event: 3650.119 GC heap after
{Heap after GC invocations=6111 (full 110):
 PSYoungGen      total 4096K, used 512K [0x00000000eab00000, 0x00000000eb100000, 0x0000000100000000)
  eden space 3584K, 0% used [0x00000000eab00000,0x00000000eab00000,0x00000000eae80000)
  from space 512K, 100% used [0x00000000eaf80000,0x00000000eb000000,0x00000000eb000000)
  to   space 1024K, 0% used [0x00000000eae80000,0x00000000eae80000,0x00000000eaf80000)
 ParOldGen       total 133632K, used 108875K [0x00000000c0000000, 0x00000000c8280000, 0x00000000eab00000)
  object space 133632K, 81% used [0x00000000c0000000,0x00000000c6a52dc0,0x00000000c8280000)
 Metaspace       used 91606K, committed 92928K, reserved 1179648K
  class space    used 9037K, committed 9664K, reserved 1048576K
}
Event: 3650.185 GC heap before
{Heap before GC invocations=6112 (full 110):
 PSYoungGen      total 4096K, used 4096K [0x00000000eab00000, 0x00000000eb100000, 0x0000000100000000)
  eden space 3584K, 100% used [0x00000000eab00000,0x00000000eae80000,0x00000000eae80000)
  from space 512K, 100% used [0x00000000eaf80000,0x00000000eb000000,0x00000000eb000000)
  to   space 1024K, 0% used [0x00000000eae80000,0x00000000eae80000,0x00000000eaf80000)
 ParOldGen       total 133632K, used 108875K [0x00000000c0000000, 0x00000000c8280000, 0x00000000eab00000)
  object space 133632K, 81% used [0x00000000c0000000,0x00000000c6a52dc0,0x00000000c8280000)
 Metaspace       used 91616K, committed 92928K, reserved 1179648K
  class space    used 9039K, committed 9664K, reserved 1048576K
}
Event: 3650.188 GC heap after
{Heap after GC invocations=6112 (full 110):
 PSYoungGen      total 4608K, used 176K [0x00000000eab00000, 0x00000000eb000000, 0x0000000100000000)
  eden space 3584K, 0% used [0x00000000eab00000,0x00000000eab00000,0x00000000eae80000)
  from space 1024K, 17% used [0x00000000eae80000,0x00000000eaeac010,0x00000000eaf80000)
  to   space 512K, 0% used [0x00000000eaf80000,0x00000000eaf80000,0x00000000eb000000)
 ParOldGen       total 133632K, used 108891K [0x00000000c0000000, 0x00000000c8280000, 0x00000000eab00000)
  object space 133632K, 81% used [0x00000000c0000000,0x00000000c6a56dc0,0x00000000c8280000)
 Metaspace       used 91616K, committed 92928K, reserved 1179648K
  class space    used 9039K, committed 9664K, reserved 1048576K
}

Dll operation events (12 events):
Event: 6.723 Loaded shared library c:\Users\raz\.vscode\extensions\redhat.java-1.37.0-win32-x64\jre\17.0.13-win32-x86_64\bin\java.dll
Event: 15.663 Loaded shared library c:\Users\raz\.vscode\extensions\redhat.java-1.37.0-win32-x64\jre\17.0.13-win32-x86_64\bin\zip.dll
Event: 16.919 Loaded shared library C:\Users\raz\.vscode\extensions\redhat.java-1.37.0-win32-x64\jre\17.0.13-win32-x86_64\bin\instrument.dll
Event: 17.741 Loaded shared library C:\Users\raz\.vscode\extensions\redhat.java-1.37.0-win32-x64\jre\17.0.13-win32-x86_64\bin\net.dll
Event: 17.795 Loaded shared library C:\Users\raz\.vscode\extensions\redhat.java-1.37.0-win32-x64\jre\17.0.13-win32-x86_64\bin\nio.dll
Event: 17.902 Loaded shared library C:\Users\raz\.vscode\extensions\redhat.java-1.37.0-win32-x64\jre\17.0.13-win32-x86_64\bin\zip.dll
Event: 18.329 Loaded shared library C:\Users\raz\.vscode\extensions\redhat.java-1.37.0-win32-x64\jre\17.0.13-win32-x86_64\bin\jimage.dll
Event: 20.852 Loaded shared library c:\Users\raz\.vscode\extensions\redhat.java-1.37.0-win32-x64\jre\17.0.13-win32-x86_64\bin\verify.dll
Event: 74.975 Loaded shared library C:\Users\raz\AppData\Roaming\Code\User\globalStorage\redhat.java\1.37.0\config_win\org.eclipse.equinox.launcher\org.eclipse.equinox.launcher.win32.win32.x86_64_1.2.1100.v20240722-2106\eclipse_11904.dll
Event: 135.730 Loaded shared library C:\Users\raz\AppData\Local\Temp\jna-112683\jna5515175704642608889.dll
Event: 169.875 Loaded shared library C:\Users\raz\.vscode\extensions\redhat.java-1.37.0-win32-x64\jre\17.0.13-win32-x86_64\bin\sunmscapi.dll
Event: 182.322 Loaded shared library C:\Users\raz\.vscode\extensions\redhat.java-1.37.0-win32-x64\jre\17.0.13-win32-x86_64\bin\extnet.dll

Deoptimization events (20 events):
Event: 3628.502 Thread 0x000001fed5efef00 Uncommon trap: trap_request=0xffffff45 fr.pc=0x000001fec6e97424 relative=0x0000000000000104
Event: 3628.502 Thread 0x000001fed5efef00 Uncommon trap: reason=unstable_if action=reinterpret pc=0x000001fec6e97424 method=org.jsoup.parser.CharacterReader.consumeData()Ljava/lang/String; @ 20 c2
Event: 3628.502 Thread 0x000001fed5efef00 DEOPT PACKING pc=0x000001fec6e97424 sp=0x0000000d5fdfedc0
Event: 3628.502 Thread 0x000001fed5efef00 DEOPT UNPACKING pc=0x000001fec57c669e sp=0x0000000d5fdfed40 mode 2
Event: 3643.871 Thread 0x000001fed6d87bf0 Uncommon trap: trap_request=0xffffff45 fr.pc=0x000001fec6f66398 relative=0x00000000000010f8
Event: 3643.871 Thread 0x000001fed6d87bf0 Uncommon trap: reason=unstable_if action=reinterpret pc=0x000001fec6f66398 method=org.eclipse.jdt.internal.compiler.codegen.CodeStream.aaload()V @ 24 c2
Event: 3643.871 Thread 0x000001fed6d87bf0 DEOPT PACKING pc=0x000001fec6f66398 sp=0x0000000d5f3fdd80
Event: 3643.871 Thread 0x000001fed6d87bf0 DEOPT UNPACKING pc=0x000001fec57c669e sp=0x0000000d5f3fdd08 mode 2
Event: 3650.031 Thread 0x000001fed6d816b0 Uncommon trap: trap_request=0xffffffe6 fr.pc=0x000001fec6f6d764 relative=0x0000000000001724
Event: 3650.031 Thread 0x000001fed6d816b0 Uncommon trap: reason=range_check action=maybe_recompile pc=0x000001fec6f6d764 method=org.eclipse.jdt.internal.compiler.parser.Scanner.getNextCharAsDigit()Z @ 34 c2
Event: 3650.031 Thread 0x000001fed6d816b0 DEOPT PACKING pc=0x000001fec6f6d764 sp=0x0000000d5f4fd440
Event: 3650.031 Thread 0x000001fed6d816b0 DEOPT UNPACKING pc=0x000001fec57c669e sp=0x0000000d5f4fd340 mode 2
Event: 3650.039 Thread 0x000001fed6d816b0 Uncommon trap: trap_request=0xffffffe6 fr.pc=0x000001fec6f6d764 relative=0x0000000000001724
Event: 3650.039 Thread 0x000001fed6d816b0 Uncommon trap: reason=range_check action=maybe_recompile pc=0x000001fec6f6d764 method=org.eclipse.jdt.internal.compiler.parser.Scanner.getNextCharAsDigit()Z @ 34 c2
Event: 3650.039 Thread 0x000001fed6d816b0 DEOPT PACKING pc=0x000001fec6f6d764 sp=0x0000000d5f4fd440
Event: 3650.039 Thread 0x000001fed6d816b0 DEOPT UNPACKING pc=0x000001fec57c669e sp=0x0000000d5f4fd340 mode 2
Event: 3650.050 Thread 0x000001fed6d816b0 Uncommon trap: trap_request=0xffffffe6 fr.pc=0x000001fec6f6d764 relative=0x0000000000001724
Event: 3650.050 Thread 0x000001fed6d816b0 Uncommon trap: reason=range_check action=maybe_recompile pc=0x000001fec6f6d764 method=org.eclipse.jdt.internal.compiler.parser.Scanner.getNextCharAsDigit()Z @ 34 c2
Event: 3650.051 Thread 0x000001fed6d816b0 DEOPT PACKING pc=0x000001fec6f6d764 sp=0x0000000d5f4fd730
Event: 3650.051 Thread 0x000001fed6d816b0 DEOPT UNPACKING pc=0x000001fec57c669e sp=0x0000000d5f4fd630 mode 2

Classes loaded (20 events):
Event: 908.428 Loading class java/io/CharArrayReader
Event: 908.428 Loading class java/io/CharArrayReader done
Event: 908.429 Loading class java/util/regex/Pattern$Bound
Event: 908.430 Loading class java/util/regex/Pattern$Bound done
Event: 936.924 Loading class jdk/internal/icu/text/NormalizerBase$NFCModeImpl
Event: 936.947 Loading class jdk/internal/icu/text/NormalizerBase$NFCModeImpl done
Event: 936.947 Loading class jdk/internal/icu/impl/Norm2AllModes$NFCSingleton
Event: 936.990 Loading class jdk/internal/icu/impl/Norm2AllModes$NFCSingleton done
Event: 937.072 Loading class java/nio/StringCharBuffer
Event: 937.119 Loading class java/nio/StringCharBuffer done
Event: 1599.507 Loading class java/util/stream/ReferencePipeline$15
Event: 1599.528 Loading class java/util/stream/ReferencePipeline$15 done
Event: 1599.530 Loading class java/util/stream/ReferencePipeline$15$1
Event: 1599.530 Loading class java/util/stream/ReferencePipeline$15$1 done
Event: 3158.535 Loading class java/util/stream/ReduceOps$5
Event: 3158.546 Loading class java/util/stream/ReduceOps$5 done
Event: 3158.546 Loading class java/util/stream/ReduceOps$CountingSink$OfRef
Event: 3158.547 Loading class java/util/stream/ReduceOps$CountingSink
Event: 3158.547 Loading class java/util/stream/ReduceOps$CountingSink done
Event: 3158.547 Loading class java/util/stream/ReduceOps$CountingSink$OfRef done

Classes unloaded (20 events):
Event: 2011.841 Thread 0x000001fecf3dc240 Unloading class 0x00000001008c4c00 'java/lang/invoke/LambdaForm$MH+0x00000001008c4c00'
Event: 2011.841 Thread 0x000001fecf3dc240 Unloading class 0x0000000100340800 'java/lang/invoke/LambdaForm$MH+0x0000000100340800'
Event: 2011.841 Thread 0x000001fecf3dc240 Unloading class 0x0000000100291000 'java/lang/invoke/LambdaForm$MH+0x0000000100291000'
Event: 2011.841 Thread 0x000001fecf3dc240 Unloading class 0x0000000100290c00 'java/lang/invoke/LambdaForm$MH+0x0000000100290c00'
Event: 2011.841 Thread 0x000001fecf3dc240 Unloading class 0x0000000100290400 'java/lang/invoke/LambdaForm$MH+0x0000000100290400'
Event: 2011.841 Thread 0x000001fecf3dc240 Unloading class 0x0000000100221800 'java/lang/invoke/LambdaForm$MH+0x0000000100221800'
Event: 2011.841 Thread 0x000001fecf3dc240 Unloading class 0x00000001001b9400 'java/lang/invoke/LambdaForm$MH+0x00000001001b9400'
Event: 2011.841 Thread 0x000001fecf3dc240 Unloading class 0x00000001001b9000 'java/lang/invoke/LambdaForm$MH+0x00000001001b9000'
Event: 2011.841 Thread 0x000001fecf3dc240 Unloading class 0x00000001001b8c00 'java/lang/invoke/LambdaForm$MH+0x00000001001b8c00'
Event: 2011.841 Thread 0x000001fecf3dc240 Unloading class 0x00000001001b8800 'java/lang/invoke/LambdaForm$MH+0x00000001001b8800'
Event: 2011.842 Thread 0x000001fecf3dc240 Unloading class 0x00000001001b8400 'java/lang/invoke/LambdaForm$MH+0x00000001001b8400'
Event: 2011.842 Thread 0x000001fecf3dc240 Unloading class 0x00000001001b8000 'java/lang/invoke/LambdaForm$MH+0x00000001001b8000'
Event: 2011.842 Thread 0x000001fecf3dc240 Unloading class 0x00000001001b2c00 'java/lang/invoke/LambdaForm$MH+0x00000001001b2c00'
Event: 2011.842 Thread 0x000001fecf3dc240 Unloading class 0x00000001001b2800 'java/lang/invoke/LambdaForm$MH+0x00000001001b2800'
Event: 2011.842 Thread 0x000001fecf3dc240 Unloading class 0x00000001001a2000 'java/lang/invoke/LambdaForm$MH+0x00000001001a2000'
Event: 2011.842 Thread 0x000001fecf3dc240 Unloading class 0x00000001001a1800 'java/lang/invoke/LambdaForm$MH+0x00000001001a1800'
Event: 2011.842 Thread 0x000001fecf3dc240 Unloading class 0x00000001001a1400 'java/lang/invoke/LambdaForm$MH+0x00000001001a1400'
Event: 2011.842 Thread 0x000001fecf3dc240 Unloading class 0x00000001001a1000 'java/lang/invoke/LambdaForm$MH+0x00000001001a1000'
Event: 2011.842 Thread 0x000001fecf3dc240 Unloading class 0x00000001001a0c00 'java/lang/invoke/LambdaForm$MH+0x00000001001a0c00'
Event: 2011.842 Thread 0x000001fecf3dc240 Unloading class 0x00000001001a0400 'java/lang/invoke/LambdaForm$MH+0x00000001001a0400'

Classes redefined (0 events):
No events

Internal exceptions (20 events):
Event: 3580.574 Thread 0x000001fed6d87bf0 Exception <a 'java/lang/ArrayIndexOutOfBoundsException'{0x00000000eac57950}> (0x00000000eac57950) 
thrown [s\src\hotspot\share\runtime\sharedRuntime.cpp, line 631]
Event: 3580.593 Thread 0x000001fed6d87bf0 Exception <a 'java/lang/ArrayIndexOutOfBoundsException'{0x00000000eac109b0}> (0x00000000eac109b0) 
thrown [s\src\hotspot\share\runtime\sharedRuntime.cpp, line 631]
Event: 3580.855 Thread 0x000001fed55203f0 Exception <a 'sun/nio/fs/WindowsException'{0x00000000eac20ba0}> (0x00000000eac20ba0) 
thrown [s\src\hotspot\share\prims\jni.cpp, line 516]
Event: 3581.589 Thread 0x000001fed55203f0 Exception <a 'sun/nio/fs/WindowsException'{0x00000000eac21528}> (0x00000000eac21528) 
thrown [s\src\hotspot\share\prims\jni.cpp, line 516]
Event: 3595.632 Thread 0x000001fed55203f0 Exception <a 'sun/nio/fs/WindowsException'{0x00000000eab00fd0}> (0x00000000eab00fd0) 
thrown [s\src\hotspot\share\prims\jni.cpp, line 516]
Event: 3596.667 Thread 0x000001fed55203f0 Exception <a 'sun/nio/fs/WindowsException'{0x00000000eabee020}> (0x00000000eabee020) 
thrown [s\src\hotspot\share\prims\jni.cpp, line 516]
Event: 3619.663 Thread 0x000001fed55203f0 Exception <a 'sun/nio/fs/WindowsException'{0x00000000eabfb468}> (0x00000000eabfb468) 
thrown [s\src\hotspot\share\prims\jni.cpp, line 516]
Event: 3620.330 Thread 0x000001fed55203f0 Exception <a 'sun/nio/fs/WindowsException'{0x00000000eab93a68}> (0x00000000eab93a68) 
thrown [s\src\hotspot\share\prims\jni.cpp, line 516]
Event: 3627.644 Thread 0x000001fed55203f0 Exception <a 'sun/nio/fs/WindowsException'{0x00000000eab28268}> (0x00000000eab28268) 
thrown [s\src\hotspot\share\prims\jni.cpp, line 516]
Event: 3628.472 Thread 0x000001fed55203f0 Exception <a 'sun/nio/fs/WindowsException'{0x00000000eac25e30}> (0x00000000eac25e30) 
thrown [s\src\hotspot\share\prims\jni.cpp, line 516]
Event: 3631.133 Thread 0x000001fed55203f0 Exception <a 'sun/nio/fs/WindowsException'{0x00000000eab4abf8}> (0x00000000eab4abf8) 
thrown [s\src\hotspot\share\prims\jni.cpp, line 516]
Event: 3631.806 Thread 0x000001fed55203f0 Exception <a 'sun/nio/fs/WindowsException'{0x00000000eabb88d8}> (0x00000000eabb88d8) 
thrown [s\src\hotspot\share\prims\jni.cpp, line 516]
Event: 3634.889 Thread 0x000001fed55203f0 Exception <a 'sun/nio/fs/WindowsException'{0x00000000eaca3c38}> (0x00000000eaca3c38) 
thrown [s\src\hotspot\share\prims\jni.cpp, line 516]
Event: 3635.435 Thread 0x000001fed55203f0 Exception <a 'sun/nio/fs/WindowsException'{0x00000000eac10d48}> (0x00000000eac10d48) 
thrown [s\src\hotspot\share\prims\jni.cpp, line 516]
Event: 3650.031 Thread 0x000001fed6d816b0 Exception <a 'java/lang/ArrayIndexOutOfBoundsException'{0x00000000eab305a0}: Index 1 out of bounds for length 1> (0x00000000eab305a0) 
thrown [s\src\hotspot\share\interpreter\interpreterRuntime.cpp, line 428]
Event: 3650.039 Thread 0x000001fed6d816b0 Exception <a 'java/lang/ArrayIndexOutOfBoundsException'{0x00000000eac385e8}: Index 1 out of bounds for length 1> (0x00000000eac385e8) 
thrown [s\src\hotspot\share\interpreter\interpreterRuntime.cpp, line 428]
Event: 3650.051 Thread 0x000001fed6d816b0 Exception <a 'java/lang/ArrayIndexOutOfBoundsException'{0x00000000ead76160}: Index 1 out of bounds for length 1> (0x00000000ead76160) 
thrown [s\src\hotspot\share\interpreter\interpreterRuntime.cpp, line 428]
Event: 3650.130 Thread 0x000001fed6d816b0 Exception <a 'java/lang/ArrayIndexOutOfBoundsException'{0x00000000eabb9b98}> (0x00000000eabb9b98) 
thrown [s\src\hotspot\share\runtime\sharedRuntime.cpp, line 631]
Event: 3650.139 Thread 0x000001fed6d816b0 Exception <a 'java/lang/ArrayIndexOutOfBoundsException'{0x00000000eac23768}> (0x00000000eac23768) 
thrown [s\src\hotspot\share\runtime\sharedRuntime.cpp, line 631]
Event: 3650.368 Thread 0x000001fed55203f0 Exception <a 'sun/nio/fs/WindowsException'{0x00000000eabf9da8}> (0x00000000eabf9da8) 
thrown [s\src\hotspot\share\prims\jni.cpp, line 516]

VM Operations (20 events):
Event: 3649.282 Executing VM operation: ParallelGCFailedAllocation
Event: 3649.284 Executing VM operation: ParallelGCFailedAllocation done
Event: 3649.307 Executing VM operation: ParallelGCFailedAllocation
Event: 3649.314 Executing VM operation: ParallelGCFailedAllocation done
Event: 3649.352 Executing VM operation: ParallelGCFailedAllocation
Event: 3649.361 Executing VM operation: ParallelGCFailedAllocation done
Event: 3649.377 Executing VM operation: ParallelGCFailedAllocation
Event: 3649.389 Executing VM operation: ParallelGCFailedAllocation done
Event: 3649.526 Executing VM operation: ParallelGCFailedAllocation
Event: 3649.532 Executing VM operation: ParallelGCFailedAllocation done
Event: 3649.574 Executing VM operation: ParallelGCFailedAllocation
Event: 3649.939 Executing VM operation: ParallelGCFailedAllocation done
Event: 3649.959 Executing VM operation: ParallelGCFailedAllocation
Event: 3649.962 Executing VM operation: ParallelGCFailedAllocation done
Event: 3650.000 Executing VM operation: ParallelGCFailedAllocation
Event: 3650.027 Executing VM operation: ParallelGCFailedAllocation done
Event: 3650.058 Executing VM operation: ParallelGCFailedAllocation
Event: 3650.119 Executing VM operation: ParallelGCFailedAllocation done
Event: 3650.185 Executing VM operation: ParallelGCFailedAllocation
Event: 3650.188 Executing VM operation: ParallelGCFailedAllocation done

Memory protections (0 events):
No events

Nmethod flushes (20 events):
Event: 3544.815 Thread 0x000001fed4553910 flushing  nmethod 0x000001fec05c5290
Event: 3544.815 Thread 0x000001fed4553910 flushing  nmethod 0x000001fec061b310
Event: 3544.816 Thread 0x000001fed4553910 flushing  nmethod 0x000001fec06d5410
Event: 3593.039 Thread 0x000001fed4553910 flushing  nmethod 0x000001fec5efdf10
Event: 3593.046 Thread 0x000001fed4553910 flushing  nmethod 0x000001fec61a8a90
Event: 3593.051 Thread 0x000001fed4553910 flushing  nmethod 0x000001fec65adc10
Event: 3593.052 Thread 0x000001fed4553910 flushing  nmethod 0x000001fec6660790
Event: 3593.052 Thread 0x000001fed4553910 flushing  nmethod 0x000001fec6679a10
Event: 3593.052 Thread 0x000001fed4553910 flushing  nmethod 0x000001fec6763290
Event: 3593.054 Thread 0x000001fed4553910 flushing  nmethod 0x000001fec68c2190
Event: 3593.054 Thread 0x000001fed4553910 flushing  nmethod 0x000001fec6935710
Event: 3593.054 Thread 0x000001fed4553910 flushing  nmethod 0x000001fec693e310
Event: 3593.054 Thread 0x000001fed4553910 flushing  nmethod 0x000001fec6978490
Event: 3593.054 Thread 0x000001fed4553910 flushing  nmethod 0x000001fec699c190
Event: 3593.055 Thread 0x000001fed4553910 flushing  nmethod 0x000001fec6a2ff10
Event: 3593.056 Thread 0x000001fed4553910 flushing  nmethod 0x000001fec6aeea10
Event: 3593.057 Thread 0x000001fed4553910 flushing  nmethod 0x000001fec6c28510
Event: 3593.057 Thread 0x000001fed4553910 flushing  nmethod 0x000001fec6c53190
Event: 3593.058 Thread 0x000001fed4553910 flushing  nmethod 0x000001fec6de6410
Event: 3593.102 Thread 0x000001fed4553910 flushing  nmethod 0x000001febfc8d090

Events (20 events):
Event: 3069.493 Thread 0x000001fed6d81bc0 Thread added: 0x000001fed551efb0
Event: 3129.338 Thread 0x000001fed6d871d0 Thread added: 0x000001fed743f4b0
Event: 3140.475 Thread 0x000001fecf428ca0 Thread added: 0x000001fee6615040
Event: 3142.134 Thread 0x000001fee6615040 Thread exited: 0x000001fee6615040
Event: 3171.523 Thread 0x000001fed4552860 Thread added: 0x000001fee6618560
Event: 3173.370 Thread 0x000001fee6618560 Thread exited: 0x000001fee6618560
Event: 3281.458 Thread 0x000001fed551efb0 Thread exited: 0x000001fed551efb0
Event: 3283.107 Thread 0x000001fed6d867b0 Thread added: 0x000001fed5f00850
Event: 3283.120 Thread 0x000001fed5f00850 Thread exited: 0x000001fed5f00850
Event: 3344.839 Thread 0x000001fed6d81bc0 Thread added: 0x000001fed5f04000
Event: 3386.331 Thread 0x000001fed7442c60 Thread added: 0x000001fed5f00340
Event: 3433.630 Thread 0x000001fed5f04000 Thread exited: 0x000001fed5f04000
Event: 3437.632 Thread 0x000001fed6d81bc0 Thread added: 0x000001fed5f02bc0
Event: 3544.260 Thread 0x000001fed6d85d90 Thread added: 0x000001fed5efd0a0
Event: 3544.733 Thread 0x000001fed4552860 Thread added: 0x000001fee6616580
Event: 3546.580 Thread 0x000001fee6616580 Thread exited: 0x000001fee6616580
Event: 3584.097 Thread 0x000001fed743f4b0 Thread added: 0x000001fed5f021a0
Event: 3584.101 Thread 0x000001fed5f021a0 Thread exited: 0x000001fed5f021a0
Event: 3589.113 Thread 0x000001fed5f02bc0 Thread exited: 0x000001fed5f02bc0
Event: 3599.075 Thread 0x000001fed6d81bc0 Thread added: 0x000001fed5efef00


Dynamic libraries:
0x00007ff7b8350000 - 0x00007ff7b835e000 	c:\Users\raz\.vscode\extensions\redhat.java-1.37.0-win32-x64\jre\17.0.13-win32-x86_64\bin\java.exe
0x00007ffd12150000 - 0x00007ffd12348000 	C:\WINDOWS\SYSTEM32\ntdll.dll
0x00007ffd103d0000 - 0x00007ffd10492000 	C:\WINDOWS\System32\KERNEL32.DLL
0x00007ffd0f7f0000 - 0x00007ffd0faee000 	C:\WINDOWS\System32\KERNELBASE.dll
0x00007ffd0bf90000 - 0x00007ffd0c024000 	C:\WINDOWS\SYSTEM32\apphelp.dll
0x00007ffd0fd10000 - 0x00007ffd0fe10000 	C:\WINDOWS\System32\ucrtbase.dll
0x00007ffd039e0000 - 0x00007ffd039f7000 	c:\Users\raz\.vscode\extensions\redhat.java-1.37.0-win32-x64\jre\17.0.13-win32-x86_64\bin\jli.dll
0x00007ffd10d30000 - 0x00007ffd10ecd000 	C:\WINDOWS\System32\USER32.dll
0x00007ffd100d0000 - 0x00007ffd100f2000 	C:\WINDOWS\System32\win32u.dll
0x00007ffd11810000 - 0x00007ffd1183b000 	C:\WINDOWS\System32\GDI32.dll
0x00007ffd0fec0000 - 0x00007ffd0ffd7000 	C:\WINDOWS\System32\gdi32full.dll
0x00007ffd0ffe0000 - 0x00007ffd1007d000 	C:\WINDOWS\System32\msvcp_win.dll
0x00007ffd01cd0000 - 0x00007ffd01cee000 	c:\Users\raz\.vscode\extensions\redhat.java-1.37.0-win32-x64\jre\17.0.13-win32-x86_64\bin\VCRUNTIME140.dll
0x00007ffd02e30000 - 0x00007ffd030ca000 	C:\WINDOWS\WinSxS\amd64_microsoft.windows.common-controls_6595b64144ccf1df_6.0.19041.4355_none_60b8b9eb71f62e16\COMCTL32.dll
0x00007ffd11840000 - 0x00007ffd118de000 	C:\WINDOWS\System32\msvcrt.dll
0x00007ffd10ee0000 - 0x00007ffd10f0f000 	C:\WINDOWS\System32\IMM32.DLL
0x00007ffd00e80000 - 0x00007ffd00e8c000 	c:\Users\raz\.vscode\extensions\redhat.java-1.37.0-win32-x64\jre\17.0.13-win32-x86_64\bin\vcruntime140_1.dll
0x00007ffcee400000 - 0x00007ffcee48d000 	c:\Users\raz\.vscode\extensions\redhat.java-1.37.0-win32-x64\jre\17.0.13-win32-x86_64\bin\msvcp140.dll
0x00007ffcc2e30000 - 0x00007ffcc3a9b000 	c:\Users\raz\.vscode\extensions\redhat.java-1.37.0-win32-x64\jre\17.0.13-win32-x86_64\bin\server\jvm.dll
0x00007ffd12050000 - 0x00007ffd12101000 	C:\WINDOWS\System32\ADVAPI32.dll
0x00007ffd11770000 - 0x00007ffd1180f000 	C:\WINDOWS\System32\sechost.dll
0x00007ffd10f10000 - 0x00007ffd11033000 	C:\WINDOWS\System32\RPCRT4.dll
0x00007ffd0fb80000 - 0x00007ffd0fba7000 	C:\WINDOWS\System32\bcrypt.dll
0x00007ffd11040000 - 0x00007ffd110ab000 	C:\WINDOWS\System32\WS2_32.dll
0x00007ffd0ed30000 - 0x00007ffd0ed7b000 	C:\WINDOWS\SYSTEM32\POWRPROF.dll
0x00007ffd0c6d0000 - 0x00007ffd0c6f7000 	C:\WINDOWS\SYSTEM32\WINMM.dll
0x00007ffd07e10000 - 0x00007ffd07e1a000 	C:\WINDOWS\SYSTEM32\VERSION.dll
0x00007ffd0ebf0000 - 0x00007ffd0ec02000 	C:\WINDOWS\SYSTEM32\UMPDC.dll
0x00007ffd0d630000 - 0x00007ffd0d642000 	C:\WINDOWS\SYSTEM32\kernel.appcore.dll
0x00007ffcfe4a0000 - 0x00007ffcfe4aa000 	c:\Users\raz\.vscode\extensions\redhat.java-1.37.0-win32-x64\jre\17.0.13-win32-x86_64\bin\jimage.dll
0x00007ffcfb1b0000 - 0x00007ffcfb394000 	C:\WINDOWS\SYSTEM32\DBGHELP.DLL
0x00007ffcfb170000 - 0x00007ffcfb1a4000 	C:\WINDOWS\SYSTEM32\dbgcore.DLL
0x00007ffd0faf0000 - 0x00007ffd0fb72000 	C:\WINDOWS\System32\bcryptPrimitives.dll
0x00007ffcfe330000 - 0x00007ffcfe33e000 	c:\Users\raz\.vscode\extensions\redhat.java-1.37.0-win32-x64\jre\17.0.13-win32-x86_64\bin\instrument.dll
0x00007ffcee1a0000 - 0x00007ffcee1c5000 	c:\Users\raz\.vscode\extensions\redhat.java-1.37.0-win32-x64\jre\17.0.13-win32-x86_64\bin\java.dll
0x00007ffcf6890000 - 0x00007ffcf68a8000 	c:\Users\raz\.vscode\extensions\redhat.java-1.37.0-win32-x64\jre\17.0.13-win32-x86_64\bin\zip.dll
0x00007ffd118e0000 - 0x00007ffd1204d000 	C:\WINDOWS\System32\SHELL32.dll
0x00007ffd0d830000 - 0x00007ffd0dfd4000 	C:\WINDOWS\SYSTEM32\windows.storage.dll
0x00007ffd111f0000 - 0x00007ffd11543000 	C:\WINDOWS\System32\combase.dll
0x00007ffd0f220000 - 0x00007ffd0f24e000 	C:\WINDOWS\SYSTEM32\Wldp.dll
0x00007ffd10550000 - 0x00007ffd1061d000 	C:\WINDOWS\System32\OLEAUT32.dll
0x00007ffd104a0000 - 0x00007ffd1054d000 	C:\WINDOWS\System32\SHCORE.dll
0x00007ffd106b0000 - 0x00007ffd10705000 	C:\WINDOWS\System32\shlwapi.dll
0x00007ffd0f720000 - 0x00007ffd0f744000 	C:\WINDOWS\SYSTEM32\profapi.dll
0x00007ffd03a20000 - 0x00007ffd03a39000 	C:\Users\raz\.vscode\extensions\redhat.java-1.37.0-win32-x64\jre\17.0.13-win32-x86_64\bin\net.dll
0x00007ffd07420000 - 0x00007ffd0752d000 	C:\WINDOWS\SYSTEM32\WINHTTP.dll
0x00007ffd0ef80000 - 0x00007ffd0efea000 	C:\WINDOWS\system32\mswsock.dll
0x00007ffd03a00000 - 0x00007ffd03a16000 	C:\Users\raz\.vscode\extensions\redhat.java-1.37.0-win32-x64\jre\17.0.13-win32-x86_64\bin\nio.dll
0x00007ffd08380000 - 0x00007ffd08390000 	c:\Users\raz\.vscode\extensions\redhat.java-1.37.0-win32-x64\jre\17.0.13-win32-x86_64\bin\verify.dll
0x00007ffce3f30000 - 0x00007ffce3f75000 	C:\Users\raz\AppData\Roaming\Code\User\globalStorage\redhat.java\1.37.0\config_win\org.eclipse.equinox.launcher\org.eclipse.equinox.launcher.win32.win32.x86_64_1.2.1100.v20240722-2106\eclipse_11904.dll
0x00007ffd102a0000 - 0x00007ffd103cb000 	C:\WINDOWS\System32\ole32.dll
0x00007ffd0f170000 - 0x00007ffd0f188000 	C:\WINDOWS\SYSTEM32\CRYPTSP.dll
0x00007ffd0e830000 - 0x00007ffd0e864000 	C:\WINDOWS\system32\rsaenh.dll
0x00007ffd0f6a0000 - 0x00007ffd0f6ce000 	C:\WINDOWS\SYSTEM32\USERENV.dll
0x00007ffd0f190000 - 0x00007ffd0f19c000 	C:\WINDOWS\SYSTEM32\CRYPTBASE.dll
0x00007ffd0ec10000 - 0x00007ffd0ec4b000 	C:\WINDOWS\SYSTEM32\IPHLPAPI.DLL
0x00007ffd115b0000 - 0x00007ffd115b8000 	C:\WINDOWS\System32\NSI.dll
0x00007ffd076b0000 - 0x00007ffd076c7000 	C:\WINDOWS\SYSTEM32\dhcpcsvc6.DLL
0x00007ffd07cc0000 - 0x00007ffd07cdd000 	C:\WINDOWS\SYSTEM32\dhcpcsvc.DLL
0x00007ffd0ec60000 - 0x00007ffd0ed2a000 	C:\WINDOWS\SYSTEM32\DNSAPI.dll
0x00007ffce09d0000 - 0x00007ffce0a19000 	C:\Users\raz\AppData\Local\Temp\jna-112683\jna5515175704642608889.dll
0x00007ffd106a0000 - 0x00007ffd106a8000 	C:\WINDOWS\System32\PSAPI.DLL
0x00007ffcfe2f0000 - 0x00007ffcfe2fe000 	C:\Users\raz\.vscode\extensions\redhat.java-1.37.0-win32-x64\jre\17.0.13-win32-x86_64\bin\sunmscapi.dll
0x00007ffd0fbb0000 - 0x00007ffd0fd0c000 	C:\WINDOWS\System32\CRYPT32.dll
0x00007ffd0f290000 - 0x00007ffd0f2b7000 	C:\WINDOWS\SYSTEM32\ncrypt.dll
0x00007ffd0f250000 - 0x00007ffd0f28b000 	C:\WINDOWS\SYSTEM32\NTASN1.dll
0x00007ffd0cd60000 - 0x00007ffd0cd6a000 	C:\Windows\System32\rasadhlp.dll
0x00007ffd01890000 - 0x00007ffd01910000 	C:\WINDOWS\System32\fwpuclnt.dll
0x00007ffcfd450000 - 0x00007ffcfd459000 	C:\Users\raz\.vscode\extensions\redhat.java-1.37.0-win32-x64\jre\17.0.13-win32-x86_64\bin\extnet.dll

dbghelp: loaded successfully - version: 4.0.5 - missing functions: none
symbol engine: initialized successfully - sym options: 0x614 - pdb path: .;c:\Users\raz\.vscode\extensions\redhat.java-1.37.0-win32-x64\jre\17.0.13-win32-x86_64\bin;C:\WINDOWS\SYSTEM32;C:\WINDOWS\WinSxS\amd64_microsoft.windows.common-controls_6595b64144ccf1df_6.0.19041.4355_none_60b8b9eb71f62e16;c:\Users\raz\.vscode\extensions\redhat.java-1.37.0-win32-x64\jre\17.0.13-win32-x86_64\bin\server;C:\Users\raz\AppData\Roaming\Code\User\globalStorage\redhat.java\1.37.0\config_win\org.eclipse.equinox.launcher\org.eclipse.equinox.launcher.win32.win32.x86_64_1.2.1100.v20240722-2106;C:\Users\raz\AppData\Local\Temp\jna-112683

VM Arguments:
jvm_args: --add-modules=ALL-SYSTEM --add-opens=java.base/java.util=ALL-UNNAMED --add-opens=java.base/java.lang=ALL-UNNAMED --add-opens=java.base/sun.nio.fs=ALL-UNNAMED -Declipse.application=org.eclipse.jdt.ls.core.id1 -Dosgi.bundles.defaultStartLevel=4 -Declipse.product=org.eclipse.jdt.ls.core.product -Djava.import.generatesMetadataFilesAtProjectRoot=false -DDetectVMInstallationsJob.disabled=true -Dfile.encoding=utf8 -XX:+UseParallelGC -XX:GCTimeRatio=4 -XX:AdaptiveSizePolicyWeight=90 -Dsun.zip.disableMemoryMapping=true -Xmx1G -Xms100m -Xlog:disable -javaagent:c:\Users\raz\.vscode\extensions\redhat.java-1.37.0-win32-x64\lombok\lombok-1.18.34.jar -XX:+HeapDumpOnOutOfMemoryError -XX:HeapDumpPath=c:\Users\raz\AppData\Roaming\Code\User\workspaceStorage\d218f583317c14c9cfa900cffe3f0425\redhat.java -Daether.dependencyCollector.impl=bf 
java_command: c:\Users\raz\.vscode\extensions\redhat.java-1.37.0-win32-x64\server\plugins\org.eclipse.equinox.launcher_1.6.900.v20240613-2009.jar -configuration c:\Users\raz\AppData\Roaming\Code\User\globalStorage\redhat.java\1.37.0\config_win -data c:\Users\raz\AppData\Roaming\Code\User\workspaceStorage\d218f583317c14c9cfa900cffe3f0425\redhat.java\jdt_ws --pipe=\\.\pipe\lsp-c0bf346810964cb317e9abf114a53ba1-sock
java_class_path (initial): c:\Users\raz\.vscode\extensions\redhat.java-1.37.0-win32-x64\server\plugins\org.eclipse.equinox.launcher_1.6.900.v20240613-2009.jar
Launcher Type: SUN_STANDARD

[Global flags]
    uintx AdaptiveSizePolicyWeight                 = 90                                        {product} {command line}
     intx CICompilerCount                          = 3                                         {product} {ergonomic}
    uintx GCTimeRatio                              = 4                                         {product} {command line}
     bool HeapDumpOnOutOfMemoryError               = true                                   {manageable} {command line}
    ccstr HeapDumpPath                             = c:\Users\raz\AppData\Roaming\Code\User\workspaceStorage\d218f583317c14c9cfa900cffe3f0425\redhat.java         {manageable} {command line}
   size_t InitialHeapSize                          = 104857600                                 {product} {command line}
   size_t MaxHeapSize                              = 1073741824                                {product} {command line}
   size_t MaxNewSize                               = 357564416                                 {product} {ergonomic}
   size_t MinHeapDeltaBytes                        = 524288                                    {product} {ergonomic}
   size_t MinHeapSize                              = 104857600                                 {product} {command line}
   size_t NewSize                                  = 34603008                                  {product} {ergonomic}
    uintx NonNMethodCodeHeapSize                   = 5832780                                {pd product} {ergonomic}
    uintx NonProfiledCodeHeapSize                  = 122912730                              {pd product} {ergonomic}
   size_t OldSize                                  = 70254592                                  {product} {ergonomic}
    uintx ProfiledCodeHeapSize                     = 122912730                              {pd product} {ergonomic}
    uintx ReservedCodeCacheSize                    = 251658240                              {pd product} {ergonomic}
     bool SegmentedCodeCache                       = true                                      {product} {ergonomic}
   size_t SoftMaxHeapSize                          = 1073741824                             {manageable} {ergonomic}
     bool UseCompressedClassPointers               = true                           {product lp64_product} {ergonomic}
     bool UseCompressedOops                        = true                           {product lp64_product} {ergonomic}
     bool UseLargePagesIndividualAllocation        = false                                  {pd product} {ergonomic}
     bool UseParallelGC                            = true                                      {product} {command line}

Logging:
Log output configuration:
 #0: stdout all=off uptime,level,tags
 #1: stderr all=off uptime,level,tags

Environment Variables:
PATH=C:\Program Files\Common Files\Oracle\Java\javapath;C:\WINDOWS\system32;C:\WINDOWS;C:\WINDOWS\System32\Wbem;C:\WINDOWS\System32\WindowsPowerShell\v1.0\;C:\WINDOWS\System32\OpenSSH\;C:\MinGW\bin;C:\Program Files\Git\cmd;C:\Program Files\Git\mingw64\bin;C:\Program Files\Git\usr\bin;C:\Program Files\Java\jdk-22\bin;C:\Program Files\nodejs\;C:\ProgramData\chocolatey\bin;C:\Users\raz\AppData\Local\Programs\Python\Python312\Scripts\;C:\Users\raz\AppData\Local\Programs\Python\Python312\;C:\Users\raz\AppData\Local\Microsoft\WindowsApps;C:\Program Files\JetBrains\IntelliJ IDEA Community Edition 2021.2.3\bin;;C:\Users\raz\AppData\Local\Programs\Microsoft VS Code\bin;C:\Users\raz\AppData\Local\GitHubDesktop\bin;C:\Users\raz\AppData\Roaming\npm
USERNAME=raz
OS=Windows_NT
PROCESSOR_IDENTIFIER=Intel64 Family 6 Model 55 Stepping 3, GenuineIntel
TMP=C:\Users\raz\AppData\Local\Temp
TEMP=C:\Users\raz\AppData\Local\Temp



Periodic native trim disabled


---------------  S Y S T E M  ---------------

OS:
 Windows 10 , 64 bit Build 19041 (10.0.19041.5072)
OS uptime: 6 days 23:51 hours

CPU: total 4 (initial active 4) (4 cores per cpu, 1 threads per core) family 6 model 55 stepping 3 microcode 0x31a, cx8, cmov, fxsr, mmx, 3dnowpref, sse, sse2, sse3, ssse3, sse4.1, sse4.2, popcnt, tsc, tscinvbit, erms, clmul, clflush
Processor Information for all 4 processors :
  Max Mhz: 1992, Current Mhz: 1992, Mhz Limit: 1992

Memory: 4k page, system-wide physical 3997M (803M free)
TotalPageFile size 9077M (AvailPageFile size 2613M)
current process WorkingSet (physical memory assigned to process): 349M, peak: 664M
current process commit charge ("private bytes"): 423M, peak: 698M

vm_info: OpenJDK 64-Bit Server VM (17.0.13+11) for windows-amd64 JRE (17.0.13+11), built on Oct 16 2024 00:10:08 by "admin" with MS VC++ 17.7 (VS2022)

END.
